# JRE version: OpenJDK Runtime Environment Temurin-21.0.7+6 (21.0.7+6) (build 21.0.7+6-LTS)
# Java VM: OpenJDK 64-Bit Server VM Temurin-21.0.7+6 (21.0.7+6-LTS, mixed mode, sharing, tiered, compressed oops, compressed class ptrs, g1 gc, windows-amd64)
GC Precious Log:
 CardTable entry size: 512
 Card Set container configuration: InlinePtr #cards 5 size 8 Array Of Cards #cards 12 size 40 Howl #buckets 4 coarsen threshold 1843 Howl Bitmap #cards 512 size 80 coarsen threshold 460 Card regions per heap region 1 cards per card region 2048
 CPUs: 2 total, 2 available
 Memory: 3983M
 Large Page Support: Disabled
 NUMA Support: Disabled
 Compressed Oops: Enabled (32-bit)
 Heap Region Size: 1M
 Heap Min Capacity: 8M
 Heap Initial Capacity: 64M
 Heap Max Capacity: 996M
 Pre-touch: Disabled
 Parallel Workers: 2
 Concurrent Workers: 1
 Concurrent Refinement Workers: 2
 Periodic GC: Disabled
Heap:
 garbage-first heap   total 283648K, used 215794K [0x00000000c1c00000, 0x0000000100000000)
  region size 1024K, 43 young (44032K), 1 survivors (1024K)
 Metaspace       used 84421K, committed 84864K, reserved 1179648K
  class space    used 8573K, committed 8768K, reserved 1048576K
GC Heap History (20 events):
Event: 746.032 GC heap before
{Heap before GC invocations=60 (full 0):
 garbage-first heap   total 249856K, used 169984K [0x00000000c1c00000, 0x0000000100000000)
  region size 1024K, 12 young (12288K), 2 survivors (2048K)
 Metaspace       used 72441K, committed 72768K, reserved 1179648K
  class space    used 7589K, committed 7744K, reserved 1048576K
}
Event: 746.081 GC heap after
{Heap after GC invocations=61 (full 0):
 garbage-first heap   total 249856K, used 163072K [0x00000000c1c00000, 0x0000000100000000)
  region size 1024K, 2 young (2048K), 2 survivors (2048K)
 Metaspace       used 72441K, committed 72768K, reserved 1179648K
  class space    used 7589K, committed 7744K, reserved 1048576K
}
Event: 754.029 GC heap before
{Heap before GC invocations=61 (full 0):
 garbage-first heap   total 249856K, used 173312K [0x00000000c1c00000, 0x0000000100000000)
  region size 1024K, 12 young (12288K), 2 survivors (2048K)
 Metaspace       used 73555K, committed 73856K, reserved 1179648K
  class space    used 7657K, committed 7808K, reserved 1048576K
}
Event: 754.312 GC heap after
{Heap after GC invocations=62 (full 0):
 garbage-first heap   total 249856K, used 165790K [0x00000000c1c00000, 0x0000000100000000)
  region size 1024K, 2 young (2048K), 2 survivors (2048K)
 Metaspace       used 73555K, committed 73856K, reserved 1179648K
  class space    used 7657K, committed 7808K, reserved 1048576K
}
Event: 771.022 GC heap before
{Heap before GC invocations=62 (full 0):
 garbage-first heap   total 249856K, used 199582K [0x00000000c1c00000, 0x0000000100000000)
  region size 1024K, 35 young (35840K), 2 survivors (2048K)
 Metaspace       used 74563K, committed 74880K, reserved 1179648K
  class space    used 7722K, committed 7872K, reserved 1048576K
}
Event: 771.050 GC heap after
{Heap after GC invocations=63 (full 0):
 garbage-first heap   total 249856K, used 166188K [0x00000000c1c00000, 0x0000000100000000)
  region size 1024K, 2 young (2048K), 2 survivors (2048K)
 Metaspace       used 74563K, committed 74880K, reserved 1179648K
  class space    used 7722K, committed 7872K, reserved 1048576K
}
Event: 782.218 GC heap before
{Heap before GC invocations=63 (full 0):
 garbage-first heap   total 249856K, used 206124K [0x00000000c1c00000, 0x0000000100000000)
  region size 1024K, 41 young (41984K), 2 survivors (2048K)
 Metaspace       used 77750K, committed 78144K, reserved 1179648K
  class space    used 8030K, committed 8192K, reserved 1048576K
}
Event: 782.306 GC heap after
{Heap after GC invocations=64 (full 0):
 garbage-first heap   total 249856K, used 168619K [0x00000000c1c00000, 0x0000000100000000)
  region size 1024K, 5 young (5120K), 5 survivors (5120K)
 Metaspace       used 77750K, committed 78144K, reserved 1179648K
  class space    used 8030K, committed 8192K, reserved 1048576K
}
Event: 788.505 GC heap before
{Heap before GC invocations=64 (full 0):
 garbage-first heap   total 249856K, used 180907K [0x00000000c1c00000, 0x0000000100000000)
  region size 1024K, 17 young (17408K), 5 survivors (5120K)
 Metaspace       used 79152K, committed 79552K, reserved 1179648K
  class space    used 8171K, committed 8320K, reserved 1048576K
}
Event: 788.668 GC heap after
{Heap after GC invocations=65 (full 0):
 garbage-first heap   total 249856K, used 169228K [0x00000000c1c00000, 0x0000000100000000)
  region size 1024K, 1 young (1024K), 1 survivors (1024K)
 Metaspace       used 79152K, committed 79552K, reserved 1179648K
  class space    used 8171K, committed 8320K, reserved 1048576K
}
Event: 803.807 GC heap before
{Heap before GC invocations=66 (full 0):
 garbage-first heap   total 283648K, used 227596K [0x00000000c1c00000, 0x0000000100000000)
  region size 1024K, 59 young (60416K), 1 survivors (1024K)
 Metaspace       used 82557K, committed 83008K, reserved 1179648K
  class space    used 8446K, committed 8640K, reserved 1048576K
}
Event: 803.828 GC heap after
{Heap after GC invocations=67 (full 0):
 garbage-first heap   total 283648K, used 172001K [0x00000000c1c00000, 0x0000000100000000)
  region size 1024K, 4 young (4096K), 4 survivors (4096K)
 Metaspace       used 82557K, committed 83008K, reserved 1179648K
  class space    used 8446K, committed 8640K, reserved 1048576K
}
Event: 806.996 GC heap before
{Heap before GC invocations=67 (full 0):
 garbage-first heap   total 283648K, used 181217K [0x00000000c1c00000, 0x0000000100000000)
  region size 1024K, 13 young (13312K), 4 survivors (4096K)
 Metaspace       used 82821K, committed 83200K, reserved 1179648K
  class space    used 8459K, committed 8640K, reserved 1048576K
}
Event: 807.062 GC heap after
{Heap after GC invocations=68 (full 0):
 garbage-first heap   total 283648K, used 171535K [0x00000000c1c00000, 0x0000000100000000)
  region size 1024K, 1 young (1024K), 1 survivors (1024K)
 Metaspace       used 82821K, committed 83200K, reserved 1179648K
  class space    used 8459K, committed 8640K, reserved 1048576K
}
Event: 818.678 GC heap before
{Heap before GC invocations=68 (full 0):
 garbage-first heap   total 283648K, used 209423K [0x00000000c1c00000, 0x0000000100000000)
  region size 1024K, 38 young (38912K), 1 survivors (1024K)
 Metaspace       used 83499K, committed 83840K, reserved 1179648K
  class space    used 8508K, committed 8640K, reserved 1048576K
}
Event: 818.700 GC heap after
{Heap after GC invocations=69 (full 0):
 garbage-first heap   total 283648K, used 172519K [0x00000000c1c00000, 0x0000000100000000)
  region size 1024K, 2 young (2048K), 2 survivors (2048K)
 Metaspace       used 83499K, committed 83840K, reserved 1179648K
  class space    used 8508K, committed 8640K, reserved 1048576K
}
Event: 839.792 GC heap before
{Heap before GC invocations=69 (full 0):
 garbage-first heap   total 283648K, used 209383K [0x00000000c1c00000, 0x0000000100000000)
  region size 1024K, 38 young (38912K), 2 survivors (2048K)
 Metaspace       used 83772K, committed 84160K, reserved 1179648K
  class space    used 8532K, committed 8704K, reserved 1048576K
}
Event: 840.358 GC heap after
{Heap after GC invocations=70 (full 0):
 garbage-first heap   total 283648K, used 173672K [0x00000000c1c00000, 0x0000000100000000)
  region size 1024K, 3 young (3072K), 3 survivors (3072K)
 Metaspace       used 83772K, committed 84160K, reserved 1179648K
  class space    used 8532K, committed 8704K, reserved 1048576K
}
Event: 850.046 GC heap before
{Heap before GC invocations=70 (full 0):
 garbage-first heap   total 283648K, used 183912K [0x00000000c1c00000, 0x0000000100000000)
  region size 1024K, 13 young (13312K), 3 survivors (3072K)
 Metaspace       used 83910K, committed 84288K, reserved 1179648K
  class space    used 8537K, committed 8704K, reserved 1048576K
}
Event: 850.118 GC heap after
{Heap after GC invocations=71 (full 0):
 garbage-first heap   total 283648K, used 173810K [0x00000000c1c00000, 0x0000000100000000)
  region size 1024K, 1 young (1024K), 1 survivors (1024K)
 Metaspace       used 83910K, committed 84288K, reserved 1179648K
  class space    used 8537K, committed 8704K, reserved 1048576K
}

